<?xml version="1.0" encoding="UTF-8"?>
<beans xmlns="http://www.springframework.org/schema/beans"
       xmlns:xsi="http://www.w3.org/2001/XMLSchema-instance"
       xmlns:tx="http://www.springframework.org/schema/tx"
       xsi:schemaLocation="
http://www.springframework.org/schema/beans http://www.springframework.org/schema/beans/spring-beans-3.1.xsd
http://www.springframework.org/schema/tx http://www.springframework.org/schema/tx/spring-tx-3.1.xsd">
  
  <bean id="org.hisp.dhis.sms.outbound.OutboundSmsService" class="org.hisp.dhis.sms.outbound.OutboundSmsServiceImpl" />
  
  <bean id="IncomingSmsStore" class="org.hisp.dhis.sms.incoming.HibernateIncomingSmsStore">
    <property name="sessionFactory" ref="sessionFactory" />
  </bean>

  <bean id="OutboundSmsStore" class="org.hisp.dhis.sms.outbound.HibernateOutboundSmsStore">
    <property name="sessionFactory" ref="sessionFactory" />
  </bean>
  
  <!-- Hibernate -->
  
  <tx:annotation-driven transaction-manager="transactionManager"/>
  
  <bean id="transactionManager" class="org.springframework.orm.hibernate3.HibernateTransactionManager">
    <property name="sessionFactory" ref="sessionFactory"/>
    <property name="dataSource" ref="dataSource"/>
  </bean>
  
  <bean id="sessionFactory" class="org.springframework.orm.hibernate3.LocalSessionFactoryBean">
    <property name="dataSource" ref="dataSource"/>
    <property name="mappingResources">
      <list>
        <value>org/hisp/dhis/sms/incoming/IncomingSms.hbm.xml</value>
        <value>org/hisp/dhis/sms/outbound/OutboundSms.hbm.xml</value>
      </list>
    </property>
  <property name="hibernateProperties">
    <props>
    <prop key="hibernate.dialect">org.hibernate.dialect.H2Dialect</prop>
    <prop key="hibernate.hbm2ddl.auto">create</prop>
    </props>
    </property> 
  </bean>
  
  <bean id="dataSource" class="com.mchange.v2.c3p0.ComboPooledDataSource" destroy-method="close">
    <property name="driverClass" value="org.h2.Driver"/>
    <property name="jdbcUrl" value="jdbc:h2:mem:inf5750;DB_CLOSE_ON_EXIT=FALSE"/>
  <property name="user" value="sa"/>
  <property name="password" value=""/>
  </bean>
  
</beans>